#
# There is insufficient memory for the Java Runtime Environment to continue.
# Native memory allocation (malloc) failed to allocate 1940336 bytes. Error detail: Chunk::new
# Possible reasons:
#   The system is out of physical RAM or swap space
#   This process is running with CompressedOops enabled, and the Java Heap may be blocking the growth of the native heap
# Possible solutions:
#   Reduce memory load on the system
#   Increase physical memory or swap space
#   Check if swap backing store is full
#   Decrease Java heap size (-Xmx/-Xms)
#   Decrease number of Java threads
#   Decrease Java thread stack sizes (-Xss)
#   Set larger code cache with -XX:ReservedCodeCacheSize=
#   JVM is running with Unscaled Compressed Oops mode in which the Java heap is
#     placed in the first 4GB address space. The Java Heap base address is the
#     maximum limit for the native heap growth. Please use -XX:HeapBaseMinAddress
#     to set the Java Heap base and to place the Java Heap above 4GB virtual address.
# This output file may be truncated or incomplete.
#
#  Out of Memory Error (arena.cpp:162), pid=9676, tid=21456
#
# JRE version: Java(TM) SE Runtime Environment (24.0.2+12) (build 24.0.2+12-54)
# Java VM: Java HotSpot(TM) 64-Bit Server VM (24.0.2+12-54, mixed mode, sharing, tiered, compressed oops, compressed class ptrs, g1 gc, windows-amd64)
# No core dump will be written. Minidumps are not enabled by default on client versions of Windows
#

---------------  S U M M A R Y ------------

Command Line: -Dmaven.home=EMBEDDED -Dclassworlds.conf=C:\LPU\development\lpu-queueing-system\backend\.metadata\.plugins\org.eclipse.m2e.launching\launches\m2conf1797393576517791990.tmp -Dmaven.multiModuleProjectDirectory=C:\LPU\development\lpu-queueing-system\backend\lpu-queueing -Dm2e.build.project.data.socket.port=41334 -Dfile.encoding=UTF-8 -Dstdout.encoding=UTF-8 -Dstderr.encoding=UTF-8 -XX:+ShowCodeDetailsInExceptionMessages org.codehaus.plexus.classworlds.launcher.Launcher -B -Dstyle.color=always clean compile install tomcat:redeploy -DskipTests

Host: AMD Ryzen 7 5700U with Radeon Graphics         , 16 cores, 7G,  Windows 11 , 64 bit Build 26100 (10.0.26100.8328)
Time: Wed Jun  3 15:27:47 2026 Malay Peninsula Standard Time elapsed time: 15.519455 seconds (0d 0h 0m 15s)

---------------  T H R E A D  ---------------

Current thread (0x0000020838873830):  JavaThread "C2 CompilerThread0" daemon [_thread_in_native, id=21456, stack(0x000000909d800000,0x000000909d900000) (1024K)]


Current CompileTask:
C2:15519 8327   !   4       org.codehaus.plexus.classworlds.realm.ClassRealm::loadClass (33 bytes)

Stack: [0x000000909d800000,0x000000909d900000]
Native frames: (J=compiled Java code, j=interpreted, Vv=VM code, C=native code)
V  [jvm.dll+0x730829]  (no source info available)
V  [jvm.dll+0x8d9da3]  (no source info available)
V  [jvm.dll+0x8dc28d]  (no source info available)
V  [jvm.dll+0x8dc903]  (no source info available)
V  [jvm.dll+0x2a9f56]  (no source info available)
V  [jvm.dll+0xced7f]  (no source info available)
V  [jvm.dll+0xcefdf]  (no source info available)
V  [jvm.dll+0x3f3642]  (no source info available)
V  [jvm.dll+0x3c0040]  (no source info available)
V  [jvm.dll+0x3bf4ca]  (no source info available)
V  [jvm.dll+0x26f637]  (no source info available)
V  [jvm.dll+0x26e8ff]  (no source info available)
V  [jvm.dll+0x1e9c90]  (no source info available)
V  [jvm.dll+0x27e0cb]  (no source info available)
V  [jvm.dll+0x27c36a]  (no source info available)
V  [jvm.dll+0x42f396]  (no source info available)
V  [jvm.dll+0x87d9eb]  (no source info available)
V  [jvm.dll+0x72ef45]  (no source info available)
C  [ucrtbase.dll+0x37b0]  (no source info available)
C  [KERNEL32.DLL+0x2e957]  (no source info available)
C  [ntdll.dll+0x427c]  (no source info available)

Lock stack of current Java thread (top to bottom):


---------------  P R O C E S S  ---------------

Threads class SMR info:
_java_thread_list=0x0000020800b45bc0, length=14, elements={
0x0000020818e879f0, 0x000002083883a710, 0x000002083883ae50, 0x000002083883bcd0,
0x000002083883c930, 0x000002083883d460, 0x000002083884e0f0, 0x0000020838873830,
0x00000208388743c0, 0x0000020838920430, 0x0000020838927bd0, 0x00000208389c3dc0,
0x00000208389c72b0, 0x00000208389c4550
}

Java Threads: ( => current thread )
  0x0000020818e879f0 JavaThread "main"                              [_thread_in_vm, id=13884, stack(0x000000909ca00000,0x000000909cb00000) (1024K)]
  0x000002083883a710 JavaThread "Reference Handler"          daemon [_thread_blocked, id=14624, stack(0x000000909d200000,0x000000909d300000) (1024K)]
  0x000002083883ae50 JavaThread "Finalizer"                  daemon [_thread_blocked, id=18264, stack(0x000000909d300000,0x000000909d400000) (1024K)]
  0x000002083883bcd0 JavaThread "Signal Dispatcher"          daemon [_thread_blocked, id=30012, stack(0x000000909d400000,0x000000909d500000) (1024K)]
  0x000002083883c930 JavaThread "Attach Listener"            daemon [_thread_blocked, id=29884, stack(0x000000909d500000,0x000000909d600000) (1024K)]
  0x000002083883d460 JavaThread "Service Thread"             daemon [_thread_blocked, id=29680, stack(0x000000909d600000,0x000000909d700000) (1024K)]
  0x000002083884e0f0 JavaThread "Monitor Deflation Thread"   daemon [_thread_blocked, id=5264, stack(0x000000909d700000,0x000000909d800000) (1024K)]
=>0x0000020838873830 JavaThread "C2 CompilerThread0"         daemon [_thread_in_native, id=21456, stack(0x000000909d800000,0x000000909d900000) (1024K)]
  0x00000208388743c0 JavaThread "C1 CompilerThread0"         daemon [_thread_blocked, id=4040, stack(0x000000909d900000,0x000000909da00000) (1024K)]
  0x0000020838920430 JavaThread "Notification Thread"        daemon [_thread_blocked, id=30324, stack(0x000000909da00000,0x000000909db00000) (1024K)]
  0x0000020838927bd0 JavaThread "Common-Cleaner"             daemon [_thread_blocked, id=7860, stack(0x000000909db00000,0x000000909dc00000) (1024K)]
  0x00000208389c3dc0 JavaThread "C1 CompilerThread1"         daemon [_thread_blocked, id=24572, stack(0x000000909dc00000,0x000000909dd00000) (1024K)]
  0x00000208389c72b0 JavaThread "C2 CompilerThread1"         daemon [_thread_in_native, id=30476, stack(0x000000909dd00000,0x000000909de00000) (1024K)]
  0x00000208389c4550 JavaThread "C1 CompilerThread2"         daemon [_thread_blocked, id=11568, stack(0x000000909de00000,0x000000909df00000) (1024K)]
Total: 14

Other Threads:
  0x000002083882fe50 VMThread "VM Thread"                           [id=9848, stack(0x000000909d100000,0x000000909d200000) (1024K)]
  0x000002083881c8e0 WatcherThread "VM Periodic Task Thread"        [id=27852, stack(0x000000909d000000,0x000000909d100000) (1024K)]
  0x000002081b241ae0 WorkerThread "GC Thread#0"                     [id=752, stack(0x000000909cb00000,0x000000909cc00000) (1024K)]
  0x000002087eb32f80 WorkerThread "GC Thread#1"                     [id=7192, stack(0x000000909e000000,0x000000909e100000) (1024K)]
  0x000002087eb315b0 WorkerThread "GC Thread#2"                     [id=17120, stack(0x000000909e100000,0x000000909e200000) (1024K)]
  0x000002087eb31960 WorkerThread "GC Thread#3"                     [id=19436, stack(0x000000909e200000,0x000000909e300000) (1024K)]
  0x000002087eb31d10 WorkerThread "GC Thread#4"                     [id=29808, stack(0x000000909e300000,0x000000909e400000) (1024K)]
  0x000002087ebd62c0 WorkerThread "GC Thread#5"                     [id=29008, stack(0x000000909e400000,0x000000909e500000) (1024K)]
  0x000002087ebd4ca0 WorkerThread "GC Thread#6"                     [id=10084, stack(0x000000909e500000,0x000000909e600000) (1024K)]
  0x000002087ebd5050 WorkerThread "GC Thread#7"                     [id=21172, stack(0x000000909e600000,0x000000909e700000) (1024K)]
  0x000002087ebd6a20 WorkerThread "GC Thread#8"                     [id=30684, stack(0x000000909e700000,0x000000909e800000) (1024K)]
  0x000002087ebd5400 WorkerThread "GC Thread#9"                     [id=15204, stack(0x000000909e800000,0x000000909e900000) (1024K)]
  0x000002087ebd6670 WorkerThread "GC Thread#10"                    [id=29080, stack(0x000000909e900000,0x000000909ea00000) (1024K)]
  0x0000020800215b80 WorkerThread "GC Thread#11"                    [id=21528, stack(0x000000909ec00000,0x000000909ed00000) (1024K)]
  0x0000020800214cc0 WorkerThread "GC Thread#12"                    [id=15300, stack(0x000000909ed00000,0x000000909ee00000) (1024K)]
  0x000002081b2550f0 ConcurrentGCThread "G1 Main Marker"            [id=2212, stack(0x000000909cc00000,0x000000909cd00000) (1024K)]
  0x000002081b257b10 WorkerThread "G1 Conc#0"                       [id=14244, stack(0x000000909cd00000,0x000000909ce00000) (1024K)]
  0x00000208002162e0 WorkerThread "G1 Conc#1"                       [id=24172, stack(0x000000909ee00000,0x000000909ef00000) (1024K)]
  0x0000020800214910 WorkerThread "G1 Conc#2"                       [id=26420, stack(0x000000909ef00000,0x000000909f000000) (1024K)]
  0x00000208386e8420 ConcurrentGCThread "G1 Refine#0"               [id=29876, stack(0x000000909ce00000,0x000000909cf00000) (1024K)]
  0x00000208386e8c50 ConcurrentGCThread "G1 Service"                [id=29956, stack(0x000000909cf00000,0x000000909d000000) (1024K)]
Total: 21

Threads with active compile tasks:
C2 CompilerThread0  16627 8327   !   4       org.codehaus.plexus.classworlds.realm.ClassRealm::loadClass (33 bytes)
C2 CompilerThread1  16627 8317   !   4       java.lang.ClassLoader::loadClass (121 bytes)
Total: 2

VM state: not at safepoint (normal execution)

VM Mutex/Monitor currently owned by a thread:  ([mutex/lock_event])
[0x00007ffc057745f0] Heap_lock - owner thread: 0x0000020818e879f0

Heap address: 0x000000008a800000, size: 1880 MB, Compressed Oops mode: 32-bit

CDS archive(s) mapped at: [0x0000020839000000-0x0000020839d40000-0x0000020839d40000), size 13893632, SharedBaseAddress: 0x0000020839000000, ArchiveRelocationMode: 1.
Compressed class space mapped at: 0x000002083a000000-0x000002087a000000, reserved size: 1073741824
UseCompressedClassPointers 1, UseCompactObjectHeaders 0
Narrow klass pointer bits 32, Max shift 3
Narrow klass base: 0x0000020839000000, Narrow klass shift: 0
Encoding Range: [0x0000020839000000 - 0x0000020939000000), (4294967296 bytes)
Klass Range:    [0x0000020839000000 - 0x000002087a000000), (1090519040 bytes)
Klass ID Range:  [8 - 1090519033) (1090519025)

GC Precious Log:
 CardTable entry size: 512
 Card Set container configuration: InlinePtr #cards 5 size 8 Array Of Cards #cards 10 size 36 Howl #buckets 4 coarsen threshold 1843 Howl Bitmap #cards 512 size 80 coarsen threshold 460 Card regions per heap region 1 cards per card region 2048
 CPUs: 16 total, 16 available
 Memory: 7514M
 Large Page Support: Disabled
 NUMA Support: Disabled
 Compressed Oops: Enabled (32-bit)
 Heap Region Size: 1M
 Heap Min Capacity: 8M
 Heap Initial Capacity: 118M
 Heap Max Capacity: 1880M
 Pre-touch: Disabled
 Parallel Workers: 13
 Concurrent Workers: 3
 Concurrent Refinement Workers: 13
 Periodic GC: Disabled

Heap:
 garbage-first heap   total reserved 1925120K, committed 151552K, used 121852K [0x000000008a800000, 0x0000000100000000)
  region size 1024K, 2 young (2048K), 2 survivors (2048K)
 Metaspace       used 33131K, committed 33664K, reserved 1114112K
  class space    used 3254K, committed 3520K, reserved 1048576K

Heap Regions: E=young(eden), S=young(survivor), O=old, HS=humongous(starts), HC=humongous(continues), CS=collection set, F=free, TAMS=top-at-mark-start, PB=parsable bottom
|   0|0x000000008a800000, 0x000000008a900000, 0x000000008a900000|100%| O|  |TAMS 0x000000008a800000| PB 0x000000008a800000| Untracked |  0
|   1|0x000000008a900000, 0x000000008aa00000, 0x000000008aa00000|100%| O|  |TAMS 0x000000008a900000| PB 0x000000008a900000| Untracked |  0
|   2|0x000000008aa00000, 0x000000008ab00000, 0x000000008ab00000|100%| O|  |TAMS 0x000000008aa00000| PB 0x000000008aa00000| Untracked |  0
|   3|0x000000008ab00000, 0x000000008ac00000, 0x000000008ac00000|100%| O|  |TAMS 0x000000008ab00000| PB 0x000000008ab00000| Untracked |  0
|   4|0x000000008ac00000, 0x000000008ad00000, 0x000000008ad00000|100%| O|  |TAMS 0x000000008ac00000| PB 0x000000008ac00000| Untracked |  0
|   5|0x000000008ad00000, 0x000000008ae00000, 0x000000008ae00000|100%| O|  |TAMS 0x000000008ad00000| PB 0x000000008ad00000| Untracked |  0
|   6|0x000000008ae00000, 0x000000008af00000, 0x000000008af00000|100%| O|  |TAMS 0x000000008ae00000| PB 0x000000008ae00000| Untracked |  0
|   7|0x000000008af00000, 0x000000008b000000, 0x000000008b000000|100%| O|  |TAMS 0x000000008af00000| PB 0x000000008af00000| Untracked |  0
|   8|0x000000008b000000, 0x000000008b100000, 0x000000008b100000|100%| O|  |TAMS 0x000000008b000000| PB 0x000000008b000000| Untracked |  0
|   9|0x000000008b100000, 0x000000008b200000, 0x000000008b200000|100%| O|  |TAMS 0x000000008b100000| PB 0x000000008b100000| Untracked |  0
|  10|0x000000008b200000, 0x000000008b200000, 0x000000008b300000|  0%| F|  |TAMS 0x000000008b200000| PB 0x000000008b200000| Untracked |  0
|  11|0x000000008b300000, 0x000000008b300000, 0x000000008b400000|  0%| F|  |TAMS 0x000000008b300000| PB 0x000000008b300000| Untracked |  0
|  12|0x000000008b400000, 0x000000008b500000, 0x000000008b500000|100%|HS|  |TAMS 0x000000008b400000| PB 0x000000008b400000| Complete |  0
|  13|0x000000008b500000, 0x000000008b600000, 0x000000008b600000|100%|HC|  |TAMS 0x000000008b500000| PB 0x000000008b500000| Complete |  0
|  14|0x000000008b600000, 0x000000008b600000, 0x000000008b700000|  0%| F|  |TAMS 0x000000008b600000| PB 0x000000008b600000| Untracked |  0
|  15|0x000000008b700000, 0x000000008b700000, 0x000000008b800000|  0%| F|  |TAMS 0x000000008b700000| PB 0x000000008b700000| Untracked |  0
|  16|0x000000008b800000, 0x000000008b900000, 0x000000008b900000|100%| O|  |TAMS 0x000000008b800000| PB 0x000000008b800000| Untracked |  0
|  17|0x000000008b900000, 0x000000008ba00000, 0x000000008ba00000|100%| O|  |TAMS 0x000000008b900000| PB 0x000000008b900000| Untracked |  0
|  18|0x000000008ba00000, 0x000000008bb00000, 0x000000008bb00000|100%| O|  |TAMS 0x000000008ba00000| PB 0x000000008ba00000| Untracked |  0
|  19|0x000000008bb00000, 0x000000008bc00000, 0x000000008bc00000|100%| O|  |TAMS 0x000000008bb00000| PB 0x000000008bb00000| Untracked |  0
|  20|0x000000008bc00000, 0x000000008bd00000, 0x000000008bd00000|100%| O|  |TAMS 0x000000008bc00000| PB 0x000000008bc00000| Untracked |  0
|  21|0x000000008bd00000, 0x000000008be00000, 0x000000008be00000|100%| O|  |TAMS 0x000000008bd00000| PB 0x000000008bd00000| Untracked |  0
|  22|0x000000008be00000, 0x000000008bf00000, 0x000000008bf00000|100%| O|  |TAMS 0x000000008be00000| PB 0x000000008be00000| Untracked |  0
|  23|0x000000008bf00000, 0x000000008c000000, 0x000000008c000000|100%| O|  |TAMS 0x000000008bf00000| PB 0x000000008bf00000| Untracked |  0
|  24|0x000000008c000000, 0x000000008c100000, 0x000000008c100000|100%| O|  |TAMS 0x000000008c000000| PB 0x000000008c000000| Untracked |  0
|  25|0x000000008c100000, 0x000000008c200000, 0x000000008c200000|100%| O|  |TAMS 0x000000008c100000| PB 0x000000008c100000| Untracked |  0
|  26|0x000000008c200000, 0x000000008c200000, 0x000000008c300000|  0%| F|  |TAMS 0x000000008c200000| PB 0x000000008c200000| Untracked |  0
|  27|0x000000008c300000, 0x000000008c300000, 0x000000008c400000|  0%| F|  |TAMS 0x000000008c300000| PB 0x000000008c300000| Untracked |  0
|  28|0x000000008c400000, 0x000000008c500000, 0x000000008c500000|100%|HS|  |TAMS 0x000000008c400000| PB 0x000000008c400000| Complete |  0
|  29|0x000000008c500000, 0x000000008c600000, 0x000000008c600000|100%|HC|  |TAMS 0x000000008c500000| PB 0x000000008c500000| Complete |  0
|  30|0x000000008c600000, 0x000000008c700000, 0x000000008c700000|100%| O|  |TAMS 0x000000008c600000| PB 0x000000008c600000| Untracked |  0
|  31|0x000000008c700000, 0x000000008c800000, 0x000000008c800000|100%| O|  |TAMS 0x000000008c700000| PB 0x000000008c700000| Untracked |  0
|  32|0x000000008c800000, 0x000000008c900000, 0x000000008c900000|100%| O|  |TAMS 0x000000008c800000| PB 0x000000008c800000| Untracked |  0
|  33|0x000000008c900000, 0x000000008ca00000, 0x000000008ca00000|100%|HS|  |TAMS 0x000000008c900000| PB 0x000000008c900000| Complete |  0
|  34|0x000000008ca00000, 0x000000008cb00000, 0x000000008cb00000|100%|HC|  |TAMS 0x000000008ca00000| PB 0x000000008ca00000| Complete |  0
|  35|0x000000008cb00000, 0x000000008cc00000, 0x000000008cc00000|100%|HC|  |TAMS 0x000000008cb00000| PB 0x000000008cb00000| Complete |  0
|  36|0x000000008cc00000, 0x000000008cc00000, 0x000000008cd00000|  0%| F|  |TAMS 0x000000008cc00000| PB 0x000000008cc00000| Untracked |  0
|  37|0x000000008cd00000, 0x000000008ce00000, 0x000000008ce00000|100%| O|  |TAMS 0x000000008cd00000| PB 0x000000008cd00000| Untracked |  0
|  38|0x000000008ce00000, 0x000000008cf00000, 0x000000008cf00000|100%| O|  |TAMS 0x000000008ce00000| PB 0x000000008ce00000| Untracked |  0
|  39|0x000000008cf00000, 0x000000008cf00000, 0x000000008d000000|  0%| F|  |TAMS 0x000000008cf00000| PB 0x000000008cf00000| Untracked |  0
|  40|0x000000008d000000, 0x000000008d100000, 0x000000008d100000|100%| O|  |TAMS 0x000000008d000000| PB 0x000000008d000000| Untracked |  0
|  41|0x000000008d100000, 0x000000008d200000, 0x000000008d200000|100%| O|  |TAMS 0x000000008d100000| PB 0x000000008d100000| Untracked |  0
|  42|0x000000008d200000, 0x000000008d300000, 0x000000008d300000|100%| O|  |TAMS 0x000000008d200000| PB 0x000000008d200000| Untracked |  0
|  43|0x000000008d300000, 0x000000008d318030, 0x000000008d400000|  9%| O|  |TAMS 0x000000008d300000| PB 0x000000008d300000| Untracked |  0
|  44|0x000000008d400000, 0x000000008d500000, 0x000000008d500000|100%|HS|  |TAMS 0x000000008d400000| PB 0x000000008d400000| Complete |  0
|  45|0x000000008d500000, 0x000000008d600000, 0x000000008d600000|100%|HC|  |TAMS 0x000000008d500000| PB 0x000000008d500000| Complete |  0
|  46|0x000000008d600000, 0x000000008d700000, 0x000000008d700000|100%|HC|  |TAMS 0x000000008d600000| PB 0x000000008d600000| Complete |  0
|  47|0x000000008d700000, 0x000000008d800000, 0x000000008d800000|100%|HC|  |TAMS 0x000000008d700000| PB 0x000000008d700000| Complete |  0
|  48|0x000000008d800000, 0x000000008d900000, 0x000000008d900000|100%|HC|  |TAMS 0x000000008d800000| PB 0x000000008d800000| Complete |  0
|  49|0x000000008d900000, 0x000000008da00000, 0x000000008da00000|100%|HS|  |TAMS 0x000000008d900000| PB 0x000000008d900000| Complete |  0
|  50|0x000000008da00000, 0x000000008db00000, 0x000000008db00000|100%|HC|  |TAMS 0x000000008da00000| PB 0x000000008da00000| Complete |  0
|  51|0x000000008db00000, 0x000000008dc00000, 0x000000008dc00000|100%|HC|  |TAMS 0x000000008db00000| PB 0x000000008db00000| Complete |  0
|  52|0x000000008dc00000, 0x000000008dd00000, 0x000000008dd00000|100%|HC|  |TAMS 0x000000008dc00000| PB 0x000000008dc00000| Complete |  0
|  53|0x000000008dd00000, 0x000000008de00000, 0x000000008de00000|100%|HC|  |TAMS 0x000000008dd00000| PB 0x000000008dd00000| Complete |  0
|  54|0x000000008de00000, 0x000000008df00000, 0x000000008df00000|100%|HC|  |TAMS 0x000000008de00000| PB 0x000000008de00000| Complete |  0
|  55|0x000000008df00000, 0x000000008e000000, 0x000000008e000000|100%|HC|  |TAMS 0x000000008df00000| PB 0x000000008df00000| Complete |  0
|  56|0x000000008e000000, 0x000000008e100000, 0x000000008e100000|100%|HC|  |TAMS 0x000000008e000000| PB 0x000000008e000000| Complete |  0
|  57|0x000000008e100000, 0x000000008e200000, 0x000000008e200000|100%|HC|  |TAMS 0x000000008e100000| PB 0x000000008e100000| Complete |  0
|  58|0x000000008e200000, 0x000000008e300000, 0x000000008e300000|100%| O|  |TAMS 0x000000008e200000| PB 0x000000008e200000| Untracked |  0
|  59|0x000000008e300000, 0x000000008e300000, 0x000000008e400000|  0%| F|  |TAMS 0x000000008e300000| PB 0x000000008e300000| Untracked |  0
|  60|0x000000008e400000, 0x000000008e400000, 0x000000008e500000|  0%| F|  |TAMS 0x000000008e400000| PB 0x000000008e400000| Untracked |  0
|  61|0x000000008e500000, 0x000000008e500000, 0x000000008e600000|  0%| F|  |TAMS 0x000000008e500000| PB 0x000000008e500000| Untracked |  0
|  62|0x000000008e600000, 0x000000008e600000, 0x000000008e700000|  0%| F|  |TAMS 0x000000008e600000| PB 0x000000008e600000| Untracked |  0
|  63|0x000000008e700000, 0x000000008e700000, 0x000000008e800000|  0%| F|  |TAMS 0x000000008e700000| PB 0x000000008e700000| Untracked |  0
|  64|0x000000008e800000, 0x000000008e800000, 0x000000008e900000|  0%| F|  |TAMS 0x000000008e800000| PB 0x000000008e800000| Untracked |  0
|  65|0x000000008e900000, 0x000000008e9e72d0, 0x000000008ea00000| 90%| S|CS|TAMS 0x000000008e900000| PB 0x000000008e900000| Complete |  0
|  66|0x000000008ea00000, 0x000000008eb00000, 0x000000008eb00000|100%| S|CS|TAMS 0x000000008ea00000| PB 0x000000008ea00000| Complete |  0
|  67|0x000000008eb00000, 0x000000008ec00000, 0x000000008ec00000|100%|HS|  |TAMS 0x000000008eb00000| PB 0x000000008eb00000| Complete |  0
|  68|0x000000008ec00000, 0x000000008ed00000, 0x000000008ed00000|100%|HC|  |TAMS 0x000000008ec00000| PB 0x000000008ec00000| Complete |  0
|  69|0x000000008ed00000, 0x000000008ee00000, 0x000000008ee00000|100%|HC|  |TAMS 0x000000008ed00000| PB 0x000000008ed00000| Complete |  0
|  70|0x000000008ee00000, 0x000000008ef00000, 0x000000008ef00000|100%|HC|  |TAMS 0x000000008ee00000| PB 0x000000008ee00000| Complete |  0
|  71|0x000000008ef00000, 0x000000008f000000, 0x000000008f000000|100%|HC|  |TAMS 0x000000008ef00000| PB 0x000000008ef00000| Complete |  0
|  72|0x000000008f000000, 0x000000008f100000, 0x000000008f100000|100%|HC|  |TAMS 0x000000008f000000| PB 0x000000008f000000| Complete |  0
|  73|0x000000008f100000, 0x000000008f200000, 0x000000008f200000|100%|HC|  |TAMS 0x000000008f100000| PB 0x000000008f100000| Complete |  0
|  74|0x000000008f200000, 0x000000008f300000, 0x000000008f300000|100%|HC|  |TAMS 0x000000008f200000| PB 0x000000008f200000| Complete |  0
|  75|0x000000008f300000, 0x000000008f400000, 0x000000008f400000|100%|HC|  |TAMS 0x000000008f300000| PB 0x000000008f300000| Complete |  0
|  76|0x000000008f400000, 0x000000008f500000, 0x000000008f500000|100%|HC|  |TAMS 0x000000008f400000| PB 0x000000008f400000| Complete |  0
|  77|0x000000008f500000, 0x000000008f600000, 0x000000008f600000|100%|HC|  |TAMS 0x000000008f500000| PB 0x000000008f500000| Complete |  0
|  78|0x000000008f600000, 0x000000008f700000, 0x000000008f700000|100%|HC|  |TAMS 0x000000008f600000| PB 0x000000008f600000| Complete |  0
|  79|0x000000008f700000, 0x000000008f800000, 0x000000008f800000|100%|HC|  |TAMS 0x000000008f700000| PB 0x000000008f700000| Complete |  0
|  80|0x000000008f800000, 0x000000008f900000, 0x000000008f900000|100%|HC|  |TAMS 0x000000008f800000| PB 0x000000008f800000| Complete |  0
|  81|0x000000008f900000, 0x000000008fa00000, 0x000000008fa00000|100%|HC|  |TAMS 0x000000008f900000| PB 0x000000008f900000| Complete |  0
|  82|0x000000008fa00000, 0x000000008fb00000, 0x000000008fb00000|100%|HC|  |TAMS 0x000000008fa00000| PB 0x000000008fa00000| Complete |  0
|  83|0x000000008fb00000, 0x000000008fc00000, 0x000000008fc00000|100%|HC|  |TAMS 0x000000008fb00000| PB 0x000000008fb00000| Complete |  0
|  84|0x000000008fc00000, 0x000000008fd00000, 0x000000008fd00000|100%|HS|  |TAMS 0x000000008fc00000| PB 0x000000008fc00000| Complete |  0
|  85|0x000000008fd00000, 0x000000008fe00000, 0x000000008fe00000|100%|HC|  |TAMS 0x000000008fd00000| PB 0x000000008fd00000| Complete |  0
|  86|0x000000008fe00000, 0x000000008ff00000, 0x000000008ff00000|100%|HC|  |TAMS 0x000000008fe00000| PB 0x000000008fe00000| Complete |  0
|  87|0x000000008ff00000, 0x0000000090000000, 0x0000000090000000|100%|HC|  |TAMS 0x000000008ff00000| PB 0x000000008ff00000| Complete |  0
|  88|0x0000000090000000, 0x0000000090100000, 0x0000000090100000|100%|HC|  |TAMS 0x0000000090000000| PB 0x0000000090000000| Complete |  0
|  89|0x0000000090100000, 0x0000000090200000, 0x0000000090200000|100%|HC|  |TAMS 0x0000000090100000| PB 0x0000000090100000| Complete |  0
|  90|0x0000000090200000, 0x0000000090300000, 0x0000000090300000|100%|HC|  |TAMS 0x0000000090200000| PB 0x0000000090200000| Complete |  0
|  91|0x0000000090300000, 0x0000000090400000, 0x0000000090400000|100%|HC|  |TAMS 0x0000000090300000| PB 0x0000000090300000| Complete |  0
|  92|0x0000000090400000, 0x0000000090500000, 0x0000000090500000|100%|HC|  |TAMS 0x0000000090400000| PB 0x0000000090400000| Complete |  0
|  93|0x0000000090500000, 0x0000000090600000, 0x0000000090600000|100%|HC|  |TAMS 0x0000000090500000| PB 0x0000000090500000| Complete |  0
|  94|0x0000000090600000, 0x0000000090700000, 0x0000000090700000|100%|HC|  |TAMS 0x0000000090600000| PB 0x0000000090600000| Complete |  0
|  95|0x0000000090700000, 0x0000000090800000, 0x0000000090800000|100%|HC|  |TAMS 0x0000000090700000| PB 0x0000000090700000| Complete |  0
|  96|0x0000000090800000, 0x0000000090900000, 0x0000000090900000|100%|HC|  |TAMS 0x0000000090800000| PB 0x0000000090800000| Complete |  0
|  97|0x0000000090900000, 0x0000000090a00000, 0x0000000090a00000|100%|HC|  |TAMS 0x0000000090900000| PB 0x0000000090900000| Complete |  0
|  98|0x0000000090a00000, 0x0000000090b00000, 0x0000000090b00000|100%|HC|  |TAMS 0x0000000090a00000| PB 0x0000000090a00000| Complete |  0
|  99|0x0000000090b00000, 0x0000000090c00000, 0x0000000090c00000|100%|HC|  |TAMS 0x0000000090b00000| PB 0x0000000090b00000| Complete |  0
| 100|0x0000000090c00000, 0x0000000090d00000, 0x0000000090d00000|100%|HC|  |TAMS 0x0000000090c00000| PB 0x0000000090c00000| Complete |  0
| 101|0x0000000090d00000, 0x0000000090e00000, 0x0000000090e00000|100%|HC|  |TAMS 0x0000000090d00000| PB 0x0000000090d00000| Complete |  0
| 102|0x0000000090e00000, 0x0000000090f00000, 0x0000000090f00000|100%|HC|  |TAMS 0x0000000090e00000| PB 0x0000000090e00000| Complete |  0
| 103|0x0000000090f00000, 0x0000000091000000, 0x0000000091000000|100%|HC|  |TAMS 0x0000000090f00000| PB 0x0000000090f00000| Complete |  0
| 104|0x0000000091000000, 0x0000000091100000, 0x0000000091100000|100%|HC|  |TAMS 0x0000000091000000| PB 0x0000000091000000| Complete |  0
| 105|0x0000000091100000, 0x0000000091200000, 0x0000000091200000|100%|HC|  |TAMS 0x0000000091100000| PB 0x0000000091100000| Complete |  0
| 106|0x0000000091200000, 0x0000000091300000, 0x0000000091300000|100%|HC|  |TAMS 0x0000000091200000| PB 0x0000000091200000| Complete |  0
| 107|0x0000000091300000, 0x0000000091400000, 0x0000000091400000|100%|HC|  |TAMS 0x0000000091300000| PB 0x0000000091300000| Complete |  0
| 108|0x0000000091400000, 0x0000000091500000, 0x0000000091500000|100%|HC|  |TAMS 0x0000000091400000| PB 0x0000000091400000| Complete |  0
| 109|0x0000000091500000, 0x0000000091600000, 0x0000000091600000|100%|HC|  |TAMS 0x0000000091500000| PB 0x0000000091500000| Complete |  0
| 110|0x0000000091600000, 0x0000000091700000, 0x0000000091700000|100%|HC|  |TAMS 0x0000000091600000| PB 0x0000000091600000| Complete |  0
| 111|0x0000000091700000, 0x0000000091800000, 0x0000000091800000|100%|HC|  |TAMS 0x0000000091700000| PB 0x0000000091700000| Complete |  0
| 112|0x0000000091800000, 0x0000000091900000, 0x0000000091900000|100%|HC|  |TAMS 0x0000000091800000| PB 0x0000000091800000| Complete |  0
| 113|0x0000000091900000, 0x0000000091a00000, 0x0000000091a00000|100%|HC|  |TAMS 0x0000000091900000| PB 0x0000000091900000| Complete |  0
| 114|0x0000000091a00000, 0x0000000091b00000, 0x0000000091b00000|100%|HC|  |TAMS 0x0000000091a00000| PB 0x0000000091a00000| Complete |  0
| 115|0x0000000091b00000, 0x0000000091c00000, 0x0000000091c00000|100%|HC|  |TAMS 0x0000000091b00000| PB 0x0000000091b00000| Complete |  0
| 116|0x0000000091c00000, 0x0000000091d00000, 0x0000000091d00000|100%|HC|  |TAMS 0x0000000091c00000| PB 0x0000000091c00000| Complete |  0
| 117|0x0000000091d00000, 0x0000000091d00000, 0x0000000091e00000|  0%| F|  |TAMS 0x0000000091d00000| PB 0x0000000091d00000| Untracked |  0
| 118|0x0000000091e00000, 0x0000000091e00000, 0x0000000091f00000|  0%| F|  |TAMS 0x0000000091e00000| PB 0x0000000091e00000| Untracked |  0
| 119|0x0000000091f00000, 0x0000000091f00000, 0x0000000092000000|  0%| F|  |TAMS 0x0000000091f00000| PB 0x0000000091f00000| Untracked |  0
| 120|0x0000000092000000, 0x0000000092000000, 0x0000000092100000|  0%| F|  |TAMS 0x0000000092000000| PB 0x0000000092000000| Untracked |  0
| 121|0x0000000092100000, 0x0000000092100000, 0x0000000092200000|  0%| F|  |TAMS 0x0000000092100000| PB 0x0000000092100000| Untracked |  0
| 122|0x0000000092200000, 0x0000000092200000, 0x0000000092300000|  0%| F|  |TAMS 0x0000000092200000| PB 0x0000000092200000| Untracked |  0
| 123|0x0000000092300000, 0x0000000092300000, 0x0000000092400000|  0%| F|  |TAMS 0x0000000092300000| PB 0x0000000092300000| Untracked |  0
| 124|0x0000000092400000, 0x0000000092400000, 0x0000000092500000|  0%| F|  |TAMS 0x0000000092400000| PB 0x0000000092400000| Untracked |  0
| 125|0x0000000092500000, 0x0000000092500000, 0x0000000092600000|  0%| F|  |TAMS 0x0000000092500000| PB 0x0000000092500000| Untracked |  0
| 126|0x0000000092600000, 0x0000000092600000, 0x0000000092700000|  0%| F|  |TAMS 0x0000000092600000| PB 0x0000000092600000| Untracked |  0
| 127|0x0000000092700000, 0x0000000092700000, 0x0000000092800000|  0%| F|  |TAMS 0x0000000092700000| PB 0x0000000092700000| Untracked |  0
| 128|0x0000000092800000, 0x0000000092800000, 0x0000000092900000|  0%| F|  |TAMS 0x0000000092800000| PB 0x0000000092800000| Untracked |  0
|1861|0x00000000fed00000, 0x00000000fee00000, 0x00000000fee00000|100%| O|  |TAMS 0x00000000fed00000| PB 0x00000000fed00000| Untracked |  0
|1862|0x00000000fee00000, 0x00000000fef00000, 0x00000000fef00000|100%| O|  |TAMS 0x00000000fee00000| PB 0x00000000fee00000| Untracked |  0
|1863|0x00000000fef00000, 0x00000000ff000000, 0x00000000ff000000|100%| O|  |TAMS 0x00000000fef00000| PB 0x00000000fef00000| Untracked |  0
|1864|0x00000000ff000000, 0x00000000ff100000, 0x00000000ff100000|100%| O|  |TAMS 0x00000000ff000000| PB 0x00000000ff000000| Untracked |  0
|1865|0x00000000ff100000, 0x00000000ff200000, 0x00000000ff200000|100%| O|  |TAMS 0x00000000ff100000| PB 0x00000000ff100000| Untracked |  0
|1866|0x00000000ff200000, 0x00000000ff300000, 0x00000000ff300000|100%| O|  |TAMS 0x00000000ff200000| PB 0x00000000ff200000| Untracked |  0
|1867|0x00000000ff300000, 0x00000000ff400000, 0x00000000ff400000|100%| O|  |TAMS 0x00000000ff300000| PB 0x00000000ff300000| Untracked |  0
|1868|0x00000000ff400000, 0x00000000ff500000, 0x00000000ff500000|100%| O|Cm|TAMS 0x00000000ff400000| PB 0x00000000ff400000| Complete |  0
|1869|0x00000000ff500000, 0x00000000ff600000, 0x00000000ff600000|100%| O|  |TAMS 0x00000000ff500000| PB 0x00000000ff500000| Untracked |  0
|1870|0x00000000ff600000, 0x00000000ff700000, 0x00000000ff700000|100%| O|  |TAMS 0x00000000ff600000| PB 0x00000000ff600000| Untracked |  0
|1871|0x00000000ff700000, 0x00000000ff800000, 0x00000000ff800000|100%| O|  |TAMS 0x00000000ff700000| PB 0x00000000ff700000| Untracked |  0
|1872|0x00000000ff800000, 0x00000000ff900000, 0x00000000ff900000|100%| O|Cm|TAMS 0x00000000ff800000| PB 0x00000000ff800000| Complete |  0
|1873|0x00000000ff900000, 0x00000000ffa00000, 0x00000000ffa00000|100%| O|Cm|TAMS 0x00000000ff900000| PB 0x00000000ff900000| Complete |  0
|1874|0x00000000ffa00000, 0x00000000ffa00000, 0x00000000ffb00000|  0%| F|  |TAMS 0x00000000ffa00000| PB 0x00000000ffa00000| Untracked |  0
|1875|0x00000000ffb00000, 0x00000000ffc00000, 0x00000000ffc00000|100%| O|  |TAMS 0x00000000ffb00000| PB 0x00000000ffb00000| Untracked |  0
|1876|0x00000000ffc00000, 0x00000000ffd00000, 0x00000000ffd00000|100%| O|  |TAMS 0x00000000ffc00000| PB 0x00000000ffc00000| Untracked |  0
|1877|0x00000000ffd00000, 0x00000000ffe00000, 0x00000000ffe00000|100%| O|  |TAMS 0x00000000ffd00000| PB 0x00000000ffd00000| Untracked |  0
|1878|0x00000000ffe00000, 0x00000000fff00000, 0x00000000fff00000|100%| O|  |TAMS 0x00000000ffe00000| PB 0x00000000ffe00000| Untracked |  0
|1879|0x00000000fff00000, 0x00000000fff00000, 0x0000000100000000|  0%| F|  |TAMS 0x00000000fff00000| PB 0x00000000fff00000| Untracked |  0

Card table byte_map: [0x00000208336c0000,0x0000020833a70000] _byte_map_base: 0x000002083326c000

Marking Bits: (CMBitMap*) 0x000002081b2421f0
 Bits: [0x0000020833a70000, 0x00000208357d0000)

Polling page: 0x000002081a9c0000

Metaspace:

Usage:
  Non-class:     29.18 MB used.
      Class:      3.18 MB used.
       Both:     32.35 MB used.

Virtual space:
  Non-class space:       64.00 MB reserved,      29.44 MB ( 46%) committed,  1 nodes.
      Class space:        1.00 GB reserved,       3.44 MB ( <1%) committed,  1 nodes.
             Both:        1.06 GB reserved,      32.88 MB (  3%) committed. 

Chunk freelists:
   Non-Class:  2.55 MB
       Class:  12.61 MB
        Both:  15.16 MB

MaxMetaspaceSize: unlimited
CompressedClassSpaceSize: 1.00 GB
Initial GC threshold: 21.00 MB
Current GC threshold: 54.81 MB
CDS: on
 - commit_granule_bytes: 65536.
 - commit_granule_words: 8192.
 - virtual_space_node_default_size: 8388608.
 - enlarge_chunks_in_place: 1.
UseCompressedClassPointers 1, UseCompactObjectHeaders 0
Narrow klass pointer bits 32, Max shift 3
Narrow klass base: 0x0000020839000000, Narrow klass shift: 0
Encoding Range: [0x0000020839000000 - 0x0000020939000000), (4294967296 bytes)
Klass Range:    [0x0000020839000000 - 0x000002087a000000), (1090519040 bytes)
Klass ID Range:  [8 - 1090519033) (1090519025)


Internal statistics:

num_allocs_failed_limit: 5.
num_arena_births: 370.
num_arena_deaths: 4.
num_vsnodes_births: 2.
num_vsnodes_deaths: 0.
num_space_committed: 526.
num_space_uncommitted: 0.
num_chunks_returned_to_freelist: 9.
num_chunks_taken_from_freelist: 1537.
num_chunk_merges: 6.
num_chunk_splits: 1088.
num_chunks_enlarged: 862.
num_inconsistent_stats: 0.

CodeHeap 'non-profiled nmethods': size=119232Kb used=3757Kb max_used=4056Kb free=115474Kb
 bounds [0x000002082b620000, 0x000002082ba20000, 0x0000020832a90000]
CodeHeap 'profiled nmethods': size=119104Kb used=13966Kb max_used=15713Kb free=105137Kb
 bounds [0x0000020823a90000, 0x00000208249f0000, 0x000002082aee0000]
CodeHeap 'non-nmethods': size=7424Kb used=2548Kb max_used=3258Kb free=4875Kb
 bounds [0x000002082aee0000, 0x000002082b220000, 0x000002082b620000]
CodeCache: size=245760Kb, used=20271Kb, max_used=23027Kb, free=225486Kb
 total_blobs=8159, nmethods=7566, adapters=496, full_count=0
Compilation: enabled, stopped_count=0, restarted_count=0

Compilation events (20 events):
Event: 15.295 Thread 0x00000208389c3dc0 8356       1       java.lang.reflect.Constructor::getRoot (5 bytes)
Event: 15.296 Thread 0x00000208389c3dc0 nmethod 8356 0x000002082ba15788 code [0x000002082ba15880, 0x000002082ba15948]
Event: 15.296 Thread 0x00000208389c3dc0 8357       1       java.util.logging.Logger::getName (5 bytes)
Event: 15.296 Thread 0x00000208389c3dc0 nmethod 8357 0x000002082ba15a88 code [0x000002082ba15b80, 0x000002082ba15c48]
Event: 15.299 Thread 0x00000208389c3dc0 8358       3       java.lang.invoke.MethodHandles::makeIdentity (23 bytes)
Event: 15.299 Thread 0x00000208388743c0 8359       3       java.lang.invoke.LambdaForm::identityForm (27 bytes)
Event: 15.299 Thread 0x00000208389c4550 8360       3       java.lang.invoke.DelegatingMethodHandle::rebind (8 bytes)
Event: 15.299 Thread 0x00000208389c4550 nmethod 8360 0x00000208249e5f88 code [0x00000208249e60c0, 0x00000208249e6348]
Event: 15.299 Thread 0x00000208389c4550 8361       3       java.lang.invoke.SimpleMethodHandle::speciesData (4 bytes)
Event: 15.299 Thread 0x00000208388743c0 nmethod 8359 0x00000208249e6388 code [0x00000208249e64c0, 0x00000208249e6708]
Event: 15.299 Thread 0x00000208389c4550 nmethod 8361 0x00000208249e6788 code [0x00000208249e68a0, 0x00000208249e69b0]
Event: 15.300 Thread 0x00000208389c3dc0 nmethod 8358 0x00000208249e6a88 code [0x00000208249e6c80, 0x00000208249e77a8]
Event: 15.305 Thread 0x00000208388743c0 8362       3       java.net.URI::match (56 bytes)
Event: 15.306 Thread 0x00000208388743c0 nmethod 8362 0x00000208249e7888 code [0x00000208249e79c0, 0x00000208249e7c68]
Event: 15.358 Thread 0x00000208388743c0 8363       3       java.lang.invoke.SimpleMethodHandle::copyWithExtendL (7 bytes)
Event: 15.358 Thread 0x00000208389c3dc0 8364       3       java.lang.invoke.BoundMethodHandle::bindSingle (7 bytes)
Event: 15.358 Thread 0x00000208388743c0 nmethod 8363 0x00000208249e7c88 code [0x00000208249e7da0, 0x00000208249e7f30]
Event: 15.358 Thread 0x00000208389c3dc0 nmethod 8364 0x00000208249e7f88 code [0x00000208249e80a0, 0x00000208249e81b0]
Event: 15.377 Thread 0x00000208389c3dc0 8366  s    3       sun.net.www.http.PosterOutputStream::write (16 bytes)
Event: 15.377 Thread 0x00000208389c3dc0 nmethod 8366 0x00000208249e8288 code [0x00000208249e83c0, 0x00000208249e8708]

GC Heap History (18 events):
Event: 1.779 GC heap before
{Heap before GC invocations=0 (full 0):
 garbage-first heap   total reserved 1925120K, committed 122880K, used 49268K [0x000000008a800000, 0x0000000100000000)
  region size 1024K, 47 young (48128K), 0 survivors (0K)
 Metaspace       used 9260K, committed 9472K, reserved 1114112K
  class space    used 828K, committed 960K, reserved 1048576K
}
Event: 1.793 GC heap after
{Heap after GC invocations=1 (full 0):
 garbage-first heap   total reserved 1925120K, committed 122880K, used 5236K [0x000000008a800000, 0x0000000100000000)
  region size 1024K, 4 young (4096K), 4 survivors (4096K)
 Metaspace       used 9260K, committed 9472K, reserved 1114112K
  class space    used 828K, committed 960K, reserved 1048576K
}
Event: 3.580 GC heap before
{Heap before GC invocations=1 (full 0):
 garbage-first heap   total reserved 1925120K, committed 122880K, used 58484K [0x000000008a800000, 0x0000000100000000)
  region size 1024K, 56 young (57344K), 4 survivors (4096K)
 Metaspace       used 15716K, committed 16000K, reserved 1114112K
  class space    used 1523K, committed 1664K, reserved 1048576K
}
Event: 3.599 GC heap after
{Heap after GC invocations=2 (full 0):
 garbage-first heap   total reserved 1925120K, committed 122880K, used 11137K [0x000000008a800000, 0x0000000100000000)
  region size 1024K, 6 young (6144K), 6 survivors (6144K)
 Metaspace       used 15716K, committed 16000K, reserved 1114112K
  class space    used 1523K, committed 1664K, reserved 1048576K
}
Event: 4.821 GC heap before
{Heap before GC invocations=2 (full 0):
 garbage-first heap   total reserved 1925120K, committed 122880K, used 69505K [0x000000008a800000, 0x0000000100000000)
  region size 1024K, 63 young (64512K), 6 survivors (6144K)
 Metaspace       used 16608K, committed 16960K, reserved 1114112K
  class space    used 1579K, committed 1728K, reserved 1048576K
}
Event: 4.840 GC heap after
{Heap after GC invocations=3 (full 0):
 garbage-first heap   total reserved 1925120K, committed 122880K, used 13918K [0x000000008a800000, 0x0000000100000000)
  region size 1024K, 4 young (4096K), 4 survivors (4096K)
 Metaspace       used 16608K, committed 16960K, reserved 1114112K
  class space    used 1579K, committed 1728K, reserved 1048576K
}
Event: 7.323 GC heap before
{Heap before GC invocations=3 (full 0):
 garbage-first heap   total reserved 1925120K, committed 122880K, used 72286K [0x000000008a800000, 0x0000000100000000)
  region size 1024K, 58 young (59392K), 4 survivors (4096K)
 Metaspace       used 21172K, committed 21504K, reserved 1114112K
  class space    used 2012K, committed 2176K, reserved 1048576K
}
Event: 7.344 GC heap after
{Heap after GC invocations=4 (full 0):
 garbage-first heap   total reserved 1925120K, committed 122880K, used 24107K [0x000000008a800000, 0x0000000100000000)
  region size 1024K, 9 young (9216K), 9 survivors (9216K)
 Metaspace       used 21172K, committed 21504K, reserved 1114112K
  class space    used 2012K, committed 2176K, reserved 1048576K
}
Event: 9.018 GC heap before
{Heap before GC invocations=5 (full 0):
 garbage-first heap   total reserved 1925120K, committed 86016K, used 83499K [0x000000008a800000, 0x0000000100000000)
  region size 1024K, 66 young (67584K), 9 survivors (9216K)
 Metaspace       used 27648K, committed 28096K, reserved 1114112K
  class space    used 2701K, committed 2944K, reserved 1048576K
}
Event: 9.036 GC heap after
{Heap after GC invocations=6 (full 0):
 garbage-first heap   total reserved 1925120K, committed 100352K, used 29385K [0x000000008a800000, 0x0000000100000000)
  region size 1024K, 4 young (4096K), 4 survivors (4096K)
 Metaspace       used 27648K, committed 28096K, reserved 1114112K
  class space    used 2701K, committed 2944K, reserved 1048576K
}
Event: 9.795 GC heap before
{Heap before GC invocations=6 (full 0):
 garbage-first heap   total reserved 1925120K, committed 100352K, used 75465K [0x000000008a800000, 0x0000000100000000)
  region size 1024K, 49 young (50176K), 4 survivors (4096K)
 Metaspace       used 28657K, committed 29120K, reserved 1114112K
  class space    used 2760K, committed 3008K, reserved 1048576K
}
Event: 9.803 GC heap after
{Heap after GC invocations=7 (full 0):
 garbage-first heap   total reserved 1925120K, committed 100352K, used 29430K [0x000000008a800000, 0x0000000100000000)
  region size 1024K, 4 young (4096K), 4 survivors (4096K)
 Metaspace       used 28657K, committed 29120K, reserved 1114112K
  class space    used 2760K, committed 3008K, reserved 1048576K
}
Event: 11.209 GC heap before
{Heap before GC invocations=7 (full 0):
 garbage-first heap   total reserved 1925120K, committed 100352K, used 78582K [0x000000008a800000, 0x0000000100000000)
  region size 1024K, 52 young (53248K), 4 survivors (4096K)
 Metaspace       used 31691K, committed 32128K, reserved 1114112K
  class space    used 3128K, committed 3328K, reserved 1048576K
}
Event: 11.215 GC heap after
{Heap after GC invocations=8 (full 0):
 garbage-first heap   total reserved 1925120K, committed 100352K, used 37823K [0x000000008a800000, 0x0000000100000000)
  region size 1024K, 7 young (7168K), 7 survivors (7168K)
 Metaspace       used 31691K, committed 32128K, reserved 1114112K
  class space    used 3128K, committed 3328K, reserved 1048576K
}
Event: 13.584 GC heap before
{Heap before GC invocations=8 (full 0):
 garbage-first heap   total reserved 1925120K, committed 100352K, used 81855K [0x000000008a800000, 0x0000000100000000)
  region size 1024K, 50 young (51200K), 7 survivors (7168K)
 Metaspace       used 32118K, committed 32576K, reserved 1114112K
  class space    used 3156K, committed 3328K, reserved 1048576K
}
Event: 13.592 GC heap after
{Heap after GC invocations=9 (full 0):
 garbage-first heap   total reserved 1925120K, committed 107520K, used 52249K [0x000000008a800000, 0x0000000100000000)
  region size 1024K, 7 young (7168K), 7 survivors (7168K)
 Metaspace       used 32118K, committed 32576K, reserved 1114112K
  class space    used 3156K, committed 3328K, reserved 1048576K
}
Event: 15.371 GC heap before
{Heap before GC invocations=9 (full 0):
 garbage-first heap   total reserved 1925120K, committed 107520K, used 73753K [0x000000008a800000, 0x0000000100000000)
  region size 1024K, 27 young (27648K), 7 survivors (7168K)
 Metaspace       used 33148K, committed 33664K, reserved 1114112K
  class space    used 3254K, committed 3520K, reserved 1048576K
}
Event: 15.374 GC heap after
{Heap after GC invocations=10 (full 0):
 garbage-first heap   total reserved 1925120K, committed 107520K, used 56755K [0x000000008a800000, 0x0000000100000000)
  region size 1024K, 2 young (2048K), 2 survivors (2048K)
 Metaspace       used 33148K, committed 33664K, reserved 1114112K
  class space    used 3254K, committed 3520K, reserved 1048576K
}

Dll operation events (9 events):
Event: 0.016 Loaded shared library C:\Program Files\Java\jdk-24\bin\java.dll
Event: 0.052 Loaded shared library C:\Program Files\Java\jdk-24\bin\jsvml.dll
Event: 0.064 Loaded shared library C:\Program Files\Java\jdk-24\bin\net.dll
Event: 0.067 Loaded shared library C:\Program Files\Java\jdk-24\bin\nio.dll
Event: 0.072 Loaded shared library C:\Program Files\Java\jdk-24\bin\zip.dll
Event: 0.247 Loaded shared library C:\Program Files\Java\jdk-24\bin\jimage.dll
Event: 0.276 Loaded shared library C:\Users\angel\AppData\Local\Temp\jansi-2.4.2-268248e85275a48c-jansi.dll
Event: 1.140 Loaded shared library C:\Program Files\Java\jdk-24\bin\verify.dll
Event: 2.656 Loaded shared library C:\Program Files\Java\jdk-24\bin\extnet.dll

Deoptimization events (20 events):
Event: 15.286 Thread 0x0000020818e879f0 DEOPT PACKING pc=0x000002082b92150c sp=0x000000909cafddb0
Event: 15.286 Thread 0x0000020818e879f0 DEOPT UNPACKING pc=0x000002082aff4e82 sp=0x000000909cafdd78 mode 2
Event: 15.291 Thread 0x0000020818e879f0 DEOPT PACKING pc=0x00000208249de78d sp=0x000000909cafcde0
Event: 15.291 Thread 0x0000020818e879f0 DEOPT UNPACKING pc=0x000002082af35722 sp=0x000000909cafc2c0 mode 0
Event: 15.291 Thread 0x0000020818e879f0 Uncommon trap: trap_request=0xffffff4d fr.pc=0x000002082b92f958 relative=0x0000000000000378
Event: 15.291 Thread 0x0000020818e879f0 Uncommon trap: reason=unstable_if action=reinterpret pc=0x000002082b92f958 method=java.util.regex.Pattern$BmpCharPropertyGreedy.match(Ljava/util/regex/Matcher;ILjava/lang/CharSequence;)Z @ 73 c2
Event: 15.291 Thread 0x0000020818e879f0 DEOPT PACKING pc=0x000002082b92f958 sp=0x000000909cafd830
Event: 15.291 Thread 0x0000020818e879f0 DEOPT UNPACKING pc=0x000002082aff4e82 sp=0x000000909cafd7d0 mode 2
Event: 15.299 Thread 0x0000020818e879f0 Uncommon trap: trap_request=0xffffff4d fr.pc=0x000002082b7f9210 relative=0x0000000000000250
Event: 15.299 Thread 0x0000020818e879f0 Uncommon trap: reason=unstable_if action=reinterpret pc=0x000002082b7f9210 method=java.util.WeakHashMap.maskNull(Ljava/lang/Object;)Ljava/lang/Object; @ 1 c2
Event: 15.299 Thread 0x0000020818e879f0 DEOPT PACKING pc=0x000002082b7f9210 sp=0x000000909cafe040
Event: 15.299 Thread 0x0000020818e879f0 DEOPT UNPACKING pc=0x000002082aff4e82 sp=0x000000909cafdf68 mode 2
Event: 15.299 Thread 0x0000020818e879f0 Uncommon trap: trap_request=0xffffff4d fr.pc=0x000002082b95e658 relative=0x0000000000000578
Event: 15.299 Thread 0x0000020818e879f0 Uncommon trap: reason=unstable_if action=reinterpret pc=0x000002082b95e658 method=java.util.WeakHashMap.maskNull(Ljava/lang/Object;)Ljava/lang/Object; @ 1 c2
Event: 15.299 Thread 0x0000020818e879f0 DEOPT PACKING pc=0x000002082b95e658 sp=0x000000909cafe030
Event: 15.299 Thread 0x0000020818e879f0 DEOPT UNPACKING pc=0x000002082aff4e82 sp=0x000000909cafdf58 mode 2
Event: 15.305 Thread 0x0000020818e879f0 Uncommon trap: trap_request=0xffffff4d fr.pc=0x000002082b623c4c relative=0x00000000000000cc
Event: 15.305 Thread 0x0000020818e879f0 Uncommon trap: reason=unstable_if action=reinterpret pc=0x000002082b623c4c method=java.net.URI.match(CJJ)Z @ 45 c2
Event: 15.305 Thread 0x0000020818e879f0 DEOPT PACKING pc=0x000002082b623c4c sp=0x000000909cafdb00
Event: 15.305 Thread 0x0000020818e879f0 DEOPT UNPACKING pc=0x000002082aff4e82 sp=0x000000909cafda68 mode 2

Classes loaded (20 events):
Event: 15.361 Loading class sun/nio/ch/NioSocketImpl$2
Event: 15.361 Loading class sun/nio/ch/NioSocketImpl$2 done
Event: 15.361 Loading class java/net/StandardSocketOptions
Event: 15.362 Loading class java/net/StandardSocketOptions done
Event: 15.362 Loading class java/net/StandardSocketOptions$StdSocketOption
Event: 15.362 Loading class java/net/StandardSocketOptions$StdSocketOption done
Event: 15.362 Loading class sun/nio/ch/SocketOptionRegistry
Event: 15.362 Loading class sun/nio/ch/SocketOptionRegistry done
Event: 15.362 Loading class sun/nio/ch/SocketOptionRegistry$RegistryKey
Event: 15.362 Loading class sun/nio/ch/SocketOptionRegistry$RegistryKey done
Event: 15.362 Loading class sun/nio/ch/SocketOptionRegistry$LazyInitialization
Event: 15.363 Loading class sun/nio/ch/SocketOptionRegistry$LazyInitialization done
Event: 15.363 Loading class sun/nio/ch/OptionKey
Event: 15.363 Loading class sun/nio/ch/OptionKey done
Event: 15.363 Loading class sun/nio/ch/ExtendedSocketOption
Event: 15.363 Loading class sun/nio/ch/ExtendedSocketOption done
Event: 15.363 Loading class sun/nio/ch/ExtendedSocketOption$1
Event: 15.363 Loading class sun/nio/ch/ExtendedSocketOption$1 done
Event: 15.364 Loading class sun/net/www/http/PosterOutputStream
Event: 15.364 Loading class sun/net/www/http/PosterOutputStream done

Classes unloaded (2 events):
Event: 15.398 Thread 0x000002083882fe50 Unloading class 0x000002087bc0c910 'jakarta/servlet/annotation/WebServlet'
Event: 15.398 Thread 0x000002083882fe50 Unloading class 0x000002083a288000 'org/apache/logging/log4j/core/config/plugins/processor/GraalVmProcessor'

Classes redefined (0 events):
No events

Internal exceptions (20 events):
Event: 10.961 Thread 0x0000020818e879f0 Exception <a 'java/lang/NoSuchMethodError'{0x000000008d9c1330}: 'java.lang.Object java.lang.invoke.DirectMethodHandle$Holder.newInvokeSpecial(java.lang.Object, java.lang.Object, java.lang.Object, int)'> (0x000000008d9c1330) 
thrown [s\open\src\hotspot\share\interpreter\linkResolver.cpp, line 805]
Event: 10.961 Thread 0x0000020818e879f0 Exception <a 'java/lang/NoSuchMethodError'{0x000000008d9ca000}: 'java.lang.Object java.lang.invoke.Invokers$Holder.linkToTargetMethod(java.lang.Object, java.lang.Object, int, java.lang.Object)'> (0x000000008d9ca000) 
thrown [s\open\src\hotspot\share\interpreter\linkResolver.cpp, line 805]
Event: 10.964 Thread 0x0000020818e879f0 Exception <a 'java/lang/NoSuchMethodError'{0x000000008d9e9b20}: 'long java.lang.invoke.DirectMethodHandle$Holder.invokeSpecial(java.lang.Object, java.lang.Object)'> (0x000000008d9e9b20) 
thrown [s\open\src\hotspot\share\interpreter\linkResolver.cpp, line 805]
Event: 11.094 Thread 0x0000020801378ec0 Implicit null exception at 0x000002082b7ad318 to 0x000002082b7ad3d4
Event: 11.095 Thread 0x0000020801378020 Implicit null exception at 0x000002082b799b8c to 0x000002082b799c48
Event: 11.095 Thread 0x0000020801378ec0 Implicit null exception at 0x000002082b983cc2 to 0x000002082b9842b8
Event: 11.118 Thread 0x0000020818e879f0 Exception <a 'java/lang/NoSuchMethodError'{0x000000008d2a8038}: 'int java.lang.invoke.DirectMethodHandle$Holder.invokeSpecial(java.lang.Object, java.lang.Object, int)'> (0x000000008d2a8038) 
thrown [s\open\src\hotspot\share\interpreter\linkResolver.cpp, line 805]
Event: 11.123 Thread 0x0000020818e879f0 Exception <a 'java/lang/NoSuchMethodError'{0x000000008d2c8c00}: 'void java.lang.invoke.DirectMethodHandle$Holder.invokeStaticInit(java.lang.Object)'> (0x000000008d2c8c00) 
thrown [s\open\src\hotspot\share\interpreter\linkResolver.cpp, line 805]
Event: 11.124 Thread 0x0000020818e879f0 Exception <a 'java/lang/NoSuchMethodError'{0x000000008d2db080}: 'java.lang.Object java.lang.invoke.DirectMethodHandle$Holder.invokeStaticInit(java.lang.Object, java.lang.Object, java.lang.Object)'> (0x000000008d2db080) 
thrown [s\open\src\hotspot\share\interpreter\linkResolver.cpp, line 805]
Event: 11.128 Thread 0x0000020818e879f0 Exception <a 'java/lang/NoSuchMethodError'{0x000000008d109808}: 'void java.lang.invoke.DirectMethodHandle$Holder.invokeStatic(java.lang.Object, java.lang.Object, java.lang.Object, java.lang.Object)'> (0x000000008d109808) 
thrown [s\open\src\hotspot\share\interpreter\linkResolver.cpp, line 805]
Event: 11.129 Thread 0x0000020818e879f0 Exception <a 'java/lang/NoSuchMethodError'{0x000000008d1119c8}: 'void java.lang.invoke.DirectMethodHandle$Holder.invokeStaticInit(java.lang.Object, java.lang.Object, java.lang.Object, java.lang.Object)'> (0x000000008d1119c8) 
thrown [s\open\src\hotspot\share\interpreter\linkResolver.cpp, line 805]
Event: 11.134 Thread 0x0000020818e879f0 Exception <a 'java/lang/NoSuchMethodError'{0x000000008d124da0}: 'void java.lang.invoke.DirectMethodHandle$Holder.invokeStatic(java.lang.Object, int)'> (0x000000008d124da0) 
thrown [s\open\src\hotspot\share\interpreter\linkResolver.cpp, line 805]
Event: 11.136 Thread 0x0000020818e879f0 Exception <a 'java/lang/NoSuchMethodError'{0x000000008d12cd38}: 'void java.lang.invoke.DirectMethodHandle$Holder.invokeStaticInit(java.lang.Object, int)'> (0x000000008d12cd38) 
thrown [s\open\src\hotspot\share\interpreter\linkResolver.cpp, line 805]
Event: 11.277 Thread 0x000002087f3f2490 Exception <a 'java/lang/NoSuchMethodError'{0x000000008f87a0c8}: 'java.lang.Object java.lang.invoke.DirectMethodHandle$Holder.invokeStaticInit(java.lang.Object, java.lang.Object, int, int, int, int)'> (0x000000008f87a0c8) 
thrown [s\open\src\hotspot\share\interpreter\linkResolver.cpp, line 805]
Event: 12.589 Thread 0x0000020818e879f0 Exception <a 'sun/nio/fs/WindowsException'{0x000000008ef6fc90}> (0x000000008ef6fc90) 
thrown [s\open\src\hotspot\share\prims\jni.cpp, line 518]
Event: 12.598 Thread 0x0000020818e879f0 Exception <a 'sun/nio/fs/WindowsException'{0x000000008ef815a8}> (0x000000008ef815a8) 
thrown [s\open\src\hotspot\share\prims\jni.cpp, line 518]
Event: 12.630 Thread 0x0000020818e879f0 Exception <a 'sun/nio/fs/WindowsException'{0x000000008ef95338}> (0x000000008ef95338) 
thrown [s\open\src\hotspot\share\prims\jni.cpp, line 518]
Event: 12.823 Thread 0x0000020818e879f0 Exception <a 'sun/nio/fs/WindowsException'{0x000000008efa9350}> (0x000000008efa9350) 
thrown [s\open\src\hotspot\share\prims\jni.cpp, line 518]
Event: 15.299 Thread 0x0000020818e879f0 Implicit null exception at 0x000002082b7f8ff2 to 0x000002082b7f9200
Event: 15.299 Thread 0x0000020818e879f0 Implicit null exception at 0x000002082b95e117 to 0x000002082b95e648

VM Operations (20 events):
Event: 12.577 Executing VM operation: HandshakeAllThreads (Deoptimize)
Event: 12.577 Executing VM operation: HandshakeAllThreads (Deoptimize) done
Event: 12.579 Executing VM operation: HandshakeAllThreads (Deoptimize)
Event: 12.579 Executing VM operation: HandshakeAllThreads (Deoptimize) done
Event: 13.584 Executing VM operation: G1CollectForAllocation (G1 Evacuation Pause)
Event: 13.592 Executing VM operation: G1CollectForAllocation (G1 Evacuation Pause) done
Event: 15.257 Executing VM operation: HandshakeAllThreads (Deoptimize)
Event: 15.257 Executing VM operation: HandshakeAllThreads (Deoptimize) done
Event: 15.259 Executing VM operation: HandshakeAllThreads (Deoptimize)
Event: 15.259 Executing VM operation: HandshakeAllThreads (Deoptimize) done
Event: 15.366 Executing VM operation: HandshakeAllThreads (Deoptimize)
Event: 15.366 Executing VM operation: HandshakeAllThreads (Deoptimize) done
Event: 15.368 Executing VM operation: HandshakeAllThreads (Deoptimize)
Event: 15.368 Executing VM operation: HandshakeAllThreads (Deoptimize) done
Event: 15.371 Executing VM operation: G1TryInitiateConcMark (G1 Humongous Allocation)
Event: 15.374 Executing VM operation: G1TryInitiateConcMark (G1 Humongous Allocation) done
Event: 15.397 Executing VM operation: G1PauseRemark
Event: 15.409 Executing VM operation: G1PauseRemark done
Event: 15.414 Executing VM operation: G1PauseCleanup
Event: 15.415 Executing VM operation: G1PauseCleanup done

Memory protections (0 events):
No events

Nmethod flushes (20 events):
Event: 15.408 Thread 0x000002083882fe50 flushing  nmethod 0x0000020824035988
Event: 15.408 Thread 0x000002083882fe50 flushing  nmethod 0x0000020824035c88
Event: 15.408 Thread 0x000002083882fe50 flushing  nmethod 0x0000020824077c88
Event: 15.408 Thread 0x000002083882fe50 flushing  nmethod 0x0000020824079088
Event: 15.408 Thread 0x000002083882fe50 flushing  nmethod 0x000002082407ea08
Event: 15.408 Thread 0x000002083882fe50 flushing  nmethod 0x000002082407fb88
Event: 15.408 Thread 0x000002083882fe50 flushing  nmethod 0x0000020824081b08
Event: 15.408 Thread 0x000002083882fe50 flushing  nmethod 0x000002082417e208
Event: 15.408 Thread 0x000002083882fe50 flushing  nmethod 0x000002082417e708
Event: 15.408 Thread 0x000002083882fe50 flushing  nmethod 0x0000020824184a08
Event: 15.408 Thread 0x000002083882fe50 flushing  nmethod 0x00000208241ca488
Event: 15.408 Thread 0x000002083882fe50 flushing  nmethod 0x00000208243c6b08
Event: 15.408 Thread 0x000002083882fe50 flushing  nmethod 0x00000208244b9788
Event: 15.408 Thread 0x000002083882fe50 flushing  nmethod 0x00000208244b9c88
Event: 15.408 Thread 0x000002083882fe50 flushing  nmethod 0x00000208244ba008
Event: 15.408 Thread 0x000002083882fe50 flushing  nmethod 0x00000208244bad08
Event: 15.408 Thread 0x000002083882fe50 flushing  nmethod 0x00000208244bb208
Event: 15.408 Thread 0x000002083882fe50 flushing  nmethod 0x00000208244bb608
Event: 15.408 Thread 0x000002083882fe50 flushing  nmethod 0x00000208244bc808
Event: 15.408 Thread 0x000002083882fe50 flushing  nmethod 0x00000208244bcb88

Events (20 events):
Event: 14.494 Thread 0x00000208028222e0 Thread exited: 0x00000208028222e0
Event: 14.494 Thread 0x00000208389c5470 Thread exited: 0x00000208389c5470
Event: 14.494 Thread 0x0000020801378770 Thread exited: 0x0000020801378770
Event: 14.494 Thread 0x000002080137a4b0 Thread exited: 0x000002080137a4b0
Event: 14.494 Thread 0x000002080281f700 Thread exited: 0x000002080281f700
Event: 14.494 Thread 0x0000020802821b90 Thread exited: 0x0000020802821b90
Event: 14.494 Thread 0x000002080281efb0 Thread exited: 0x000002080281efb0
Event: 14.494 Thread 0x00000208389c4550 Thread exited: 0x00000208389c4550
Event: 14.494 Thread 0x0000020801378020 Thread exited: 0x0000020801378020
Event: 14.494 Thread 0x00000208013778d0 Thread exited: 0x00000208013778d0
Event: 14.494 Thread 0x0000020801379d60 Thread exited: 0x0000020801379d60
Event: 14.494 Thread 0x000002080281e110 Thread exited: 0x000002080281e110
Event: 14.494 Thread 0x0000020802820cf0 Thread exited: 0x0000020802820cf0
Event: 14.494 Thread 0x0000020802821440 Thread exited: 0x0000020802821440
Event: 14.494 Thread 0x00000208389c72b0 Thread exited: 0x00000208389c72b0
Event: 14.494 Thread 0x0000020801377180 Thread exited: 0x0000020801377180
Event: 14.494 Thread 0x00000208028205a0 Thread exited: 0x00000208028205a0
Event: 14.494 Thread 0x0000020801378ec0 Thread exited: 0x0000020801378ec0
Event: 14.533 Thread 0x0000020838873830 Thread added: 0x00000208389c72b0
Event: 14.560 Thread 0x00000208388743c0 Thread added: 0x00000208389c4550


Dynamic libraries:
0x00007ff7215a0000 - 0x00007ff7215b0000 	C:\Program Files\Java\jdk-24\bin\javaw.exe
0x00007ffc56840000 - 0x00007ffc56aa7000 	C:\WINDOWS\SYSTEM32\ntdll.dll
0x00007ffc55760000 - 0x00007ffc55829000 	C:\WINDOWS\System32\KERNEL32.DLL
0x00007ffc53270000 - 0x00007ffc53667000 	C:\WINDOWS\System32\KERNELBASE.dll
0x00007ffc53700000 - 0x00007ffc5384b000 	C:\WINDOWS\System32\ucrtbase.dll
0x00007ffc3c8d0000 - 0x00007ffc3c8e6000 	C:\Program Files\Java\jdk-24\bin\jli.dll
0x00007ffc37c90000 - 0x00007ffc37cab000 	C:\Program Files\Java\jdk-24\bin\VCRUNTIME140.dll
0x00007ffc560c0000 - 0x00007ffc56286000 	C:\WINDOWS\System32\USER32.dll
0x00007ffc54220000 - 0x00007ffc54247000 	C:\WINDOWS\System32\win32u.dll
0x00007ffc3d950000 - 0x00007ffc3dbe2000 	C:\WINDOWS\WinSxS\amd64_microsoft.windows.common-controls_6595b64144ccf1df_6.0.26100.8457_none_3e0b2faee331e92d\COMCTL32.dll
0x00007ffc55950000 - 0x00007ffc5597b000 	C:\WINDOWS\System32\GDI32.dll
0x00007ffc56010000 - 0x00007ffc560b9000 	C:\WINDOWS\System32\msvcrt.dll
0x00007ffc54490000 - 0x00007ffc545bc000 	C:\WINDOWS\System32\gdi32full.dll
0x00007ffc540c0000 - 0x00007ffc54163000 	C:\WINDOWS\System32\msvcp_win.dll
0x00007ffc552c0000 - 0x00007ffc552f2000 	C:\WINDOWS\System32\IMM32.DLL
0x00007ffc3c8c0000 - 0x00007ffc3c8cc000 	C:\Program Files\Java\jdk-24\bin\vcruntime140_1.dll
0x00007ffc08340000 - 0x00007ffc083ce000 	C:\Program Files\Java\jdk-24\bin\msvcp140.dll
0x00007ffc04ab0000 - 0x00007ffc05851000 	C:\Program Files\Java\jdk-24\bin\server\jvm.dll
0x00007ffc54710000 - 0x00007ffc547c6000 	C:\WINDOWS\System32\ADVAPI32.dll
0x00007ffc545c0000 - 0x00007ffc54667000 	C:\WINDOWS\System32\sechost.dll
0x00007ffc55830000 - 0x00007ffc55948000 	C:\WINDOWS\System32\RPCRT4.dll
0x00007ffc55350000 - 0x00007ffc553d0000 	C:\WINDOWS\System32\WS2_32.dll
0x00007ffc530d0000 - 0x00007ffc5312e000 	C:\WINDOWS\SYSTEM32\POWRPROF.dll
0x00007ffc4bc20000 - 0x00007ffc4bc56000 	C:\WINDOWS\SYSTEM32\WINMM.dll
0x00007ffc4bc60000 - 0x00007ffc4bc6b000 	C:\WINDOWS\SYSTEM32\VERSION.dll
0x00007ffc530b0000 - 0x00007ffc530c4000 	C:\WINDOWS\SYSTEM32\UMPDC.dll
0x00007ffc52000000 - 0x00007ffc5201b000 	C:\WINDOWS\SYSTEM32\kernel.appcore.dll
0x00007ffc3c8b0000 - 0x00007ffc3c8ba000 	C:\Program Files\Java\jdk-24\bin\jimage.dll
0x00007ffc50e50000 - 0x00007ffc51092000 	C:\WINDOWS\SYSTEM32\DBGHELP.DLL
0x00007ffc56290000 - 0x00007ffc56613000 	C:\WINDOWS\System32\combase.dll
0x00007ffc555e0000 - 0x00007ffc556b9000 	C:\WINDOWS\System32\OLEAUT32.dll
0x00007ffc388f0000 - 0x00007ffc3892b000 	C:\WINDOWS\SYSTEM32\dbgcore.DLL
0x00007ffc54170000 - 0x00007ffc54218000 	C:\WINDOWS\System32\bcryptPrimitives.dll
0x00007ffc3c790000 - 0x00007ffc3c7ae000 	C:\Program Files\Java\jdk-24\bin\java.dll
0x00007ffc55440000 - 0x00007ffc555d7000 	C:\WINDOWS\System32\ole32.dll
0x00007ffc54a40000 - 0x00007ffc551ae000 	C:\WINDOWS\System32\SHELL32.dll
0x00007ffc53850000 - 0x00007ffc540bc000 	C:\WINDOWS\System32\windows.storage.dll
0x00007ffc551c0000 - 0x00007ffc552b6000 	C:\WINDOWS\System32\SHCORE.dll
0x00007ffc55f10000 - 0x00007ffc55f76000 	C:\WINDOWS\System32\shlwapi.dll
0x00007ffc53190000 - 0x00007ffc531b9000 	C:\WINDOWS\SYSTEM32\profapi.dll
0x00007ffc08090000 - 0x00007ffc08167000 	C:\Program Files\Java\jdk-24\bin\jsvml.dll
0x00007ffc3c780000 - 0x00007ffc3c790000 	C:\Program Files\Java\jdk-24\bin\net.dll
0x00007ffc52570000 - 0x00007ffc525dc000 	C:\WINDOWS\system32\mswsock.dll
0x00007ffc22470000 - 0x00007ffc22486000 	C:\Program Files\Java\jdk-24\bin\nio.dll
0x00007ffc22450000 - 0x00007ffc22467000 	C:\Program Files\Java\jdk-24\bin\zip.dll
0x00007ffc37c60000 - 0x00007ffc37c84000 	C:\Users\angel\AppData\Local\Temp\jansi-2.4.2-268248e85275a48c-jansi.dll
0x00007ffc37c50000 - 0x00007ffc37c60000 	C:\Program Files\Java\jdk-24\bin\verify.dll
0x00007ffc519f0000 - 0x00007ffc51a22000 	C:\WINDOWS\SYSTEM32\IPHLPAPI.DLL
0x00007ffc55740000 - 0x00007ffc5574a000 	C:\WINDOWS\System32\NSI.dll
0x00007ffc242e0000 - 0x00007ffc242e9000 	C:\Program Files\Java\jdk-24\bin\extnet.dll
0x00007ffc52120000 - 0x00007ffc52156000 	C:\WINDOWS\SYSTEM32\ntmarta.dll
0x00007ffc52860000 - 0x00007ffc5287b000 	C:\WINDOWS\SYSTEM32\CRYPTSP.dll
0x00007ffc51f60000 - 0x00007ffc51f99000 	C:\WINDOWS\system32\rsaenh.dll
0x00007ffc52620000 - 0x00007ffc52653000 	C:\WINDOWS\SYSTEM32\USERENV.dll
0x00007ffc53160000 - 0x00007ffc5318a000 	C:\WINDOWS\SYSTEM32\bcrypt.dll
0x00007ffc52850000 - 0x00007ffc5285c000 	C:\WINDOWS\SYSTEM32\CRYPTBASE.dll
0x00007ffc51a80000 - 0x00007ffc51bb2000 	C:\WINDOWS\SYSTEM32\DNSAPI.dll
0x00007ffc48e40000 - 0x00007ffc48e4b000 	C:\Windows\System32\rasadhlp.dll
0x00007ffc4ce20000 - 0x00007ffc4cea6000 	C:\WINDOWS\System32\fwpuclnt.dll

JVMTI agents: none

dbghelp: loaded successfully - version: 4.0.5 - missing functions: none
symbol engine: initialized successfully - sym options: 0x614 - pdb path: .;C:\Program Files\Java\jdk-24\bin;C:\WINDOWS\SYSTEM32;C:\WINDOWS\WinSxS\amd64_microsoft.windows.common-controls_6595b64144ccf1df_6.0.26100.8457_none_3e0b2faee331e92d;C:\Program Files\Java\jdk-24\bin\server;C:\Users\angel\AppData\Local\Temp

VM Arguments:
jvm_args: -Dmaven.home=EMBEDDED -Dclassworlds.conf=C:\LPU\development\lpu-queueing-system\backend\.metadata\.plugins\org.eclipse.m2e.launching\launches\m2conf1797393576517791990.tmp -Dmaven.multiModuleProjectDirectory=C:\LPU\development\lpu-queueing-system\backend\lpu-queueing -Dm2e.build.project.data.socket.port=41334 -Dfile.encoding=UTF-8 -Dstdout.encoding=UTF-8 -Dstderr.encoding=UTF-8 -XX:+ShowCodeDetailsInExceptionMessages 
java_command: org.codehaus.plexus.classworlds.launcher.Launcher -B -Dstyle.color=always clean compile install tomcat:redeploy -DskipTests
java_class_path (initial): C:\Training\IDE\Eclipse2025R12\plugins\org.eclipse.m2e.maven.runtime_3.9.1101.20251020-1549\jars\plexus-classworlds-2.9.0.jar
Launcher Type: SUN_STANDARD

[Global flags]
     intx CICompilerCount                          = 12                                        {product} {ergonomic}
     uint ConcGCThreads                            = 3                                         {product} {ergonomic}
     uint G1ConcRefinementThreads                  = 13                                        {product} {ergonomic}
   size_t G1HeapRegionSize                         = 1048576                                   {product} {ergonomic}
   size_t InitialHeapSize                          = 123731968                                 {product} {ergonomic}
   size_t MarkStackSize                            = 4194304                                   {product} {ergonomic}
   size_t MarkStackSizeMax                         = 536870912                                 {product} {ergonomic}
   size_t MaxHeapSize                              = 1971322880                                {product} {ergonomic}
   size_t MaxNewSize                               = 1182793728                                {product} {ergonomic}
   size_t MinHeapDeltaBytes                        = 1048576                                   {product} {ergonomic}
   size_t MinHeapSize                              = 8388608                                   {product} {ergonomic}
    uintx NonNMethodCodeHeapSize                   = 7602176                                {pd product} {ergonomic}
    uintx NonProfiledCodeHeapSize                  = 122093568                              {pd product} {ergonomic}
    uintx ProfiledCodeHeapSize                     = 121962496                              {pd product} {ergonomic}
    uintx ReservedCodeCacheSize                    = 251658240                              {pd product} {ergonomic}
     bool SegmentedCodeCache                       = true                                      {product} {ergonomic}
     bool ShowCodeDetailsInExceptionMessages       = true                                   {manageable} {command line}
   size_t SoftMaxHeapSize                          = 1971322880                             {manageable} {ergonomic}
     bool UseCompressedOops                        = true                           {product lp64_product} {ergonomic}
     bool UseG1GC                                  = true                                      {product} {ergonomic}
     bool UseLargePagesIndividualAllocation        = false                                  {pd product} {ergonomic}

Logging:
Log output configuration:
 #0: stdout all=warning uptime,level,tags foldmultilines=false
 #1: stderr all=off uptime,level,tags foldmultilines=false

Environment Variables:
PATH=C:/Training/IDE/Eclipse2025R12//plugins/org.eclipse.justj.openjdk.hotspot.jre.full.win32.x86_64_21.0.9.v20251105-0741/jre/bin/server;C:/Training/IDE/Eclipse2025R12//plugins/org.eclipse.justj.openjdk.hotspot.jre.full.win32.x86_64_21.0.9.v20251105-0741/jre/bin;C:\Program Files\Common Files\Oracle\Java\javapath;C:\WINDOWS\system32;C:\WINDOWS;C:\WINDOWS\System32\Wbem;C:\WINDOWS\System32\WindowsPowerShell\v1.0\;C:\WINDOWS\System32\OpenSSH\;C:\Program Files\playit_gg\bin\;C:\Program Files\Git\cmd;C:\Program Files\nodejs\;C:\LPU\server\sqlite;C:\LPU\server\laragon\bin\php\php-8.3.30-Win32-vs16-x64;C:\ProgramData\ComposerSetup\bin;C:\Program Files\MongoDB\Tools\100\bin;C:\Users\angel\.cargo\bin;C:\Users\angel\AppData\Local\Microsoft\WindowsApps;C:\Users\angel\AppData\Local\Programs\Microsoft VS Code Insiders\bin;C:\Users\angel\AppData\Roaming\npm;C:\Users\angel\AppData\Local\Programs\cursor\resources\app\bin;C:\Users\angel\AppData\Roaming\Composer\vendor\bin;C:\LPU\server\mongodb\;C:\Training\IDE\Eclipse2025R12;
USERNAME=angel
OS=Windows_NT
PROCESSOR_IDENTIFIER=AMD64 Family 23 Model 104 Stepping 1, AuthenticAMD
TMP=C:\Users\angel\AppData\Local\Temp
TEMP=C:\Users\angel\AppData\Local\Temp




Periodic native trim disabled

---------------  S Y S T E M  ---------------

OS:
 Windows 11 , 64 bit Build 26100 (10.0.26100.8328)
OS uptime: 1 days 2:27 hours
Hyper-V role detected

CPU: total 16 (initial active 16) (16 cores per cpu, 2 threads per core) family 23 model 104 stepping 1 microcode 0x8608103, cx8, cmov, fxsr, ht, mmx, 3dnowpref, sse, sse2, sse3, ssse3, sse4a, sse4.1, sse4.2, popcnt, lzcnt, tsc, tscinvbit, avx, avx2, aes, clmul, bmi1, bmi2, adx, sha, fma, vzeroupper, clflush, clflushopt, hv, rdtscp, rdpid, f16c
Processor Information for the first 16 processors :
  Max Mhz: 1801, Current Mhz: 1801, Mhz Limit: 1801

Memory: 4k page, system-wide physical 7514M (420M free)
TotalPageFile size 31066M (AvailPageFile size 0M)
current process WorkingSet (physical memory assigned to process): 286M, peak: 295M
current process commit charge ("private bytes"): 361M, peak: 362M

vm_info: Java HotSpot(TM) 64-Bit Server VM (24.0.2+12-54) for windows-amd64 JRE (24.0.2+12-54), built on 2025-07-08T12:10:27Z with MS VC++ 17.6 (VS2022)

END.
